INFO:__main__:>> loading manifest: n3/tests/manifest.ttl <<
INFO:__main__:>> loading manifest: file:///Users/wvw/git/n3/n3/tests/TurtleTests/manifest.ttl <<
INFO:__main__:>> running test: IRI_subject
INFO:__main__:>> loading manifest: tests/manifest.ttl <<
INFO:__main__:>> loading manifest: fun3/python/tests/manifest.ttl <<
INFO:__main__:>> loading manifest: file:///Users/wvw/git/n3/fun3/python/tests/simple/manifest-simple.ttl <<
INFO:__main__:>> running test: only_data_find
INFO:__main__:compliant
INFO:__main__:
INFO:__main__:>> running test: call_rules
INFO:__main__:compliant
INFO:__main__:
INFO:__main__:>> running test: call_rules2
INFO:__main__:compliant
INFO:__main__:
INFO:__main__:>> running test: call_rules3
INFO:__main__:compliant
INFO:__main__:
INFO:__main__:>> running test: call_rules4
INFO:__main__:compliant
INFO:__main__:
INFO:__main__:>> running test: call_rules5
INFO:__main__:compliant
INFO:__main__:
INFO:__main__:# total: 6; # non-compliant: 0
INFO:__main__:# total: 0; # non-compliant: 0
INFO:__main__:>> loading manifest: fun3/python/tests/manifest.ttl <<
INFO:__main__:>> loading manifest: file:///Users/wvw/git/n3/fun3/python/tests/simple/manifest-simple.ttl <<
INFO:__main__:>> running test: only_data_find
INFO:__main__:compliant
INFO:__main__:
INFO:__main__:>> running test: call_rules
INFO:__main__:compliant
INFO:__main__:
INFO:__main__:>> running test: call_rules2
INFO:__main__:compliant
INFO:__main__:
INFO:__main__:>> running test: call_rules3
INFO:__main__:compliant
INFO:__main__:
INFO:__main__:>> running test: call_rules4
INFO:__main__:compliant
INFO:__main__:
INFO:__main__:>> running test: call_rules5
INFO:__main__:compliant
INFO:__main__:
INFO:__main__:# total: 6; # non-compliant: 0
INFO:__main__:# total: 0; # non-compliant: 0
INFO:__main__:>> loading manifest: fun3/python/tests/manifest.ttl <<
INFO:__main__:>> loading manifest: file:///Users/wvw/git/n3/fun3/python/tests/simple/manifest-simple.ttl <<
INFO:__main__:>> loading manifest: fun3/python/tests/manifest.ttl <<
INFO:__main__:>> loading manifest: file:///Users/wvw/git/n3/fun3/python/tests/simple/manifest-simple.ttl <<
INFO:__main__:>> running test: only_data_find
INFO:__main__:compliant
INFO:__main__:
INFO:__main__:>> running test: call_rules
INFO:__main__:compliant
INFO:__main__:
INFO:__main__:>> running test: call_rules2
INFO:__main__:compliant
INFO:__main__:
INFO:__main__:>> running test: call_rules3
INFO:__main__:compliant
INFO:__main__:
INFO:__main__:>> running test: call_rules4
INFO:__main__:compliant
INFO:__main__:
INFO:__main__:>> running test: call_rules5
INFO:__main__:compliant
INFO:__main__:
INFO:__main__:# total: 6; # non-compliant: 0
